    [junit] Running org.apache.commons.codec.StringEncoderComparatorTest
    [junit] Tests run: 1, Failures: 1, Errors: 0, Skipped: 0, Time elapsed: 0.012 sec
    [junit] Test org.apache.commons.codec.StringEncoderComparatorTest FAILED
    [junit] Running org.apache.commons.codec.binary.Base64Test
    [junit] Tests run: 1, Failures: 0, Errors: 0, Skipped: 0, Time elapsed: 0.02 sec
    [junit] Running org.apache.commons.codec.binary.BinaryCodecTest
    [junit] Tests run: 1, Failures: 1, Errors: 0, Skipped: 0, Time elapsed: 0.008 sec
    [junit] Test org.apache.commons.codec.binary.BinaryCodecTest FAILED
    [junit] Running org.apache.commons.codec.binary.HexTest
    [junit] Tests run: 1, Failures: 1, Errors: 0, Skipped: 0, Time elapsed: 0.01 sec
    [junit] Test org.apache.commons.codec.binary.HexTest FAILED
    [junit] Running org.apache.commons.codec.digest.DigestUtilsTest
    [junit] Tests run: 2, Failures: 2, Errors: 0, Skipped: 0, Time elapsed: 0.065 sec
    [junit] Test org.apache.commons.codec.digest.DigestUtilsTest FAILED
    [junit] Running org.apache.commons.codec.language.CaverphoneTest
    [junit] Tests run: 1, Failures: 1, Errors: 0, Skipped: 0, Time elapsed: 0.007 sec
    [junit] Test org.apache.commons.codec.language.CaverphoneTest FAILED
    [junit] Running org.apache.commons.codec.language.DoubleMetaphoneTest
    [junit] Tests run: 27, Failures: 23, Errors: 1, Skipped: 0, Time elapsed: 0.073 sec
    [junit] Test org.apache.commons.codec.language.DoubleMetaphoneTest FAILED
    [junit] Running org.apache.commons.codec.language.MetaphoneTest
    [junit] Tests run: 1, Failures: 1, Errors: 0, Skipped: 0, Time elapsed: 0.009 sec
    [junit] Test org.apache.commons.codec.language.MetaphoneTest FAILED
    [junit] Running org.apache.commons.codec.language.RefinedSoundexTest
    [junit] Tests run: 2, Failures: 1, Errors: 0, Skipped: 0, Time elapsed: 0.022 sec
    [junit] Test org.apache.commons.codec.language.RefinedSoundexTest FAILED
    [junit] Running org.apache.commons.codec.language.SoundexTest
    [junit] Tests run: 3, Failures: 0, Errors: 0, Skipped: 0, Time elapsed: 0.017 sec
    [junit] Running org.apache.commons.codec.net.BCodecTest
    [junit] Tests run: 1, Failures: 1, Errors: 0, Skipped: 0, Time elapsed: 0.008 sec
    [junit] Test org.apache.commons.codec.net.BCodecTest FAILED
    [junit] Running org.apache.commons.codec.net.QCodecTest
    [junit] Tests run: 1, Failures: 1, Errors: 0, Skipped: 0, Time elapsed: 0.007 sec
    [junit] Test org.apache.commons.codec.net.QCodecTest FAILED
    [junit] Running org.apache.commons.codec.net.QuotedPrintableCodecTest
    [junit] Tests run: 1, Failures: 1, Errors: 0, Skipped: 0, Time elapsed: 0.007 sec
    [junit] Test org.apache.commons.codec.net.QuotedPrintableCodecTest FAILED
    [junit] Running org.apache.commons.codec.net.RFC1522CodecTest
    [junit] Tests run: 1, Failures: 1, Errors: 0, Skipped: 0, Time elapsed: 0.006 sec
    [junit] Test org.apache.commons.codec.net.RFC1522CodecTest FAILED
    [junit] Running org.apache.commons.codec.net.URLCodecTest
    [junit] Tests run: 1, Failures: 1, Errors: 0, Skipped: 0, Time elapsed: 0.007 sec
    [junit] Test org.apache.commons.codec.net.URLCodecTest FAILED
